I, [2013-05-11T00:48:49.716488 #21539]  INFO -- Kitchen: -----> Starting Kitchen
I, [2013-05-11T00:48:49.982676 #21539]  INFO -- Kitchen: -----> Cleaning up any prior instances of <standalone-runit-ubuntu-1204>
I, [2013-05-11T00:48:49.982869 #21539]  INFO -- Kitchen: -----> Destroying <standalone-runit-ubuntu-1204>
I, [2013-05-11T00:48:49.983919 #21539]  INFO -- Kitchen: -----> Testing <standalone-runit-ubuntu-1204>
I, [2013-05-11T00:48:49.984005 #21539]  INFO -- Kitchen: -----> Creating <standalone-runit-ubuntu-1204>
E, [2013-05-11T00:48:50.363370 #21539] ERROR -- Kitchen: ------Exception-------
E, [2013-05-11T00:48:50.363403 #21539] ERROR -- Kitchen: Class: Kitchen::ActionFailed
E, [2013-05-11T00:48:50.363426 #21539] ERROR -- Kitchen: Message: Failed to complete #create action: [Expected process to exit with [0], but received '1'
---- Begin output of vagrant up --no-provision ----
STDOUT: 
STDERR: Vagrant could not detect VirtualBox! Make sure VirtualBox is properly installed.
Vagrant uses the `VBoxManage` binary that ships with VirtualBox, and requires
this to be available on the PATH. If VirtualBox is installed, please find the
`VBoxManage` binary and add it to the PATH environmental variable.
---- End output of vagrant up --no-provision ----
Ran vagrant up --no-provision returned 1]
E, [2013-05-11T00:48:50.363450 #21539] ERROR -- Kitchen: ---Nested Exception---
E, [2013-05-11T00:48:50.363470 #21539] ERROR -- Kitchen: Class: Kitchen::ShellOut::ShellCommandFailed
E, [2013-05-11T00:48:50.363492 #21539] ERROR -- Kitchen: Message: Expected process to exit with [0], but received '1'
---- Begin output of vagrant up --no-provision ----
STDOUT: 
STDERR: Vagrant could not detect VirtualBox! Make sure VirtualBox is properly installed.
Vagrant uses the `VBoxManage` binary that ships with VirtualBox, and requires
this to be available on the PATH. If VirtualBox is installed, please find the
`VBoxManage` binary and add it to the PATH environmental variable.
---- End output of vagrant up --no-provision ----
Ran vagrant up --no-provision returned 1
E, [2013-05-11T00:48:50.363513 #21539] ERROR -- Kitchen: ------Backtrace-------
E, [2013-05-11T00:48:50.363536 #21539] ERROR -- Kitchen: /tmp/carbon/ruby/1.9.1/bundler/gems/test-kitchen-1dc4a6681e28/lib/kitchen/instance.rb:273:in `action'
E, [2013-05-11T00:48:50.363565 #21539] ERROR -- Kitchen: /tmp/carbon/ruby/1.9.1/bundler/gems/test-kitchen-1dc4a6681e28/lib/kitchen/instance.rb:249:in `perform_action'
E, [2013-05-11T00:48:50.363587 #21539] ERROR -- Kitchen: /tmp/carbon/ruby/1.9.1/bundler/gems/test-kitchen-1dc4a6681e28/lib/kitchen/instance.rb:228:in `create_action'
E, [2013-05-11T00:48:50.363610 #21539] ERROR -- Kitchen: /tmp/carbon/ruby/1.9.1/bundler/gems/test-kitchen-1dc4a6681e28/lib/kitchen/instance.rb:222:in `block in transition_to'
E, [2013-05-11T00:48:50.363633 #21539] ERROR -- Kitchen: /tmp/carbon/ruby/1.9.1/bundler/gems/test-kitchen-1dc4a6681e28/lib/kitchen/instance.rb:221:in `each'
E, [2013-05-11T00:48:50.363655 #21539] ERROR -- Kitchen: /tmp/carbon/ruby/1.9.1/bundler/gems/test-kitchen-1dc4a6681e28/lib/kitchen/instance.rb:221:in `transition_to'
E, [2013-05-11T00:48:50.363679 #21539] ERROR -- Kitchen: /tmp/carbon/ruby/1.9.1/bundler/gems/test-kitchen-1dc4a6681e28/lib/kitchen/instance.rb:143:in `verify'
E, [2013-05-11T00:48:50.363702 #21539] ERROR -- Kitchen: /tmp/carbon/ruby/1.9.1/bundler/gems/test-kitchen-1dc4a6681e28/lib/kitchen/instance.rb:172:in `block in test'
E, [2013-05-11T00:48:50.363725 #21539] ERROR -- Kitchen: /usr/lib/ruby/1.9.1/benchmark.rb:280:in `measure'
E, [2013-05-11T00:48:50.363748 #21539] ERROR -- Kitchen: /tmp/carbon/ruby/1.9.1/bundler/gems/test-kitchen-1dc4a6681e28/lib/kitchen/instance.rb:168:in `test'
E, [2013-05-11T00:48:50.363771 #21539] ERROR -- Kitchen: /tmp/carbon/ruby/1.9.1/bundler/gems/test-kitchen-1dc4a6681e28/lib/kitchen/cli.rb:258:in `public_send'
E, [2013-05-11T00:48:50.363793 #21539] ERROR -- Kitchen: /tmp/carbon/ruby/1.9.1/bundler/gems/test-kitchen-1dc4a6681e28/lib/kitchen/cli.rb:258:in `block in run_serial'
E, [2013-05-11T00:48:50.363816 #21539] ERROR -- Kitchen: /tmp/carbon/ruby/1.9.1/bundler/gems/test-kitchen-1dc4a6681e28/lib/kitchen/cli.rb:258:in `map'
E, [2013-05-11T00:48:50.363840 #21539] ERROR -- Kitchen: /tmp/carbon/ruby/1.9.1/bundler/gems/test-kitchen-1dc4a6681e28/lib/kitchen/cli.rb:258:in `run_serial'
E, [2013-05-11T00:48:50.363862 #21539] ERROR -- Kitchen: /tmp/carbon/ruby/1.9.1/bundler/gems/test-kitchen-1dc4a6681e28/lib/kitchen/cli.rb:113:in `block in test'
E, [2013-05-11T00:48:50.363884 #21539] ERROR -- Kitchen: /usr/lib/ruby/1.9.1/benchmark.rb:280:in `measure'
E, [2013-05-11T00:48:50.363906 #21539] ERROR -- Kitchen: /tmp/carbon/ruby/1.9.1/bundler/gems/test-kitchen-1dc4a6681e28/lib/kitchen/cli.rb:104:in `test'
E, [2013-05-11T00:48:50.363927 #21539] ERROR -- Kitchen: /tmp/carbon/ruby/1.9.1/gems/thor-0.16.0/lib/thor/task.rb:27:in `run'
E, [2013-05-11T00:48:50.363948 #21539] ERROR -- Kitchen: /tmp/carbon/ruby/1.9.1/gems/thor-0.16.0/lib/thor/invocation.rb:120:in `invoke_task'
E, [2013-05-11T00:48:50.363971 #21539] ERROR -- Kitchen: /tmp/carbon/ruby/1.9.1/bundler/gems/test-kitchen-1dc4a6681e28/lib/kitchen/cli.rb:232:in `invoke_task'
E, [2013-05-11T00:48:50.363994 #21539] ERROR -- Kitchen: /tmp/carbon/ruby/1.9.1/gems/thor-0.16.0/lib/thor.rb:275:in `dispatch'
E, [2013-05-11T00:48:50.364018 #21539] ERROR -- Kitchen: /tmp/carbon/ruby/1.9.1/gems/thor-0.16.0/lib/thor/base.rb:425:in `start'
E, [2013-05-11T00:48:50.364039 #21539] ERROR -- Kitchen: /tmp/carbon/ruby/1.9.1/bundler/gems/test-kitchen-1dc4a6681e28/bin/kitchen:13:in `block in <top (required)>'
E, [2013-05-11T00:48:50.364061 #21539] ERROR -- Kitchen: /tmp/carbon/ruby/1.9.1/bundler/gems/test-kitchen-1dc4a6681e28/lib/kitchen/errors.rb:78:in `with_friendly_errors'
E, [2013-05-11T00:48:50.364083 #21539] ERROR -- Kitchen: /tmp/carbon/ruby/1.9.1/bundler/gems/test-kitchen-1dc4a6681e28/bin/kitchen:13:in `<top (required)>'
E, [2013-05-11T00:48:50.364107 #21539] ERROR -- Kitchen: /tmp/carbon/ruby/1.9.1/bin/kitchen:19:in `load'
E, [2013-05-11T00:48:50.364130 #21539] ERROR -- Kitchen: /tmp/carbon/ruby/1.9.1/bin/kitchen:19:in `<main>'
E, [2013-05-11T00:48:50.364154 #21539] ERROR -- Kitchen: ----------------------
I, [2013-05-11T00:48:57.285881 #21586]  INFO -- Kitchen: -----> Starting Kitchen
I, [2013-05-11T00:48:57.288414 #21586]  INFO -- Kitchen: -----> Cleaning up any prior instances of <standalone-runit-precise>
I, [2013-05-11T00:48:57.288547 #21586]  INFO -- Kitchen: -----> Destroying <standalone-runit-precise>
I, [2013-05-11T00:48:57.293714 #21586]  INFO -- Kitchen: -----> Testing <standalone-runit-precise>
I, [2013-05-11T00:48:57.293801 #21586]  INFO -- Kitchen: -----> Creating <standalone-runit-precise>
I, [2013-05-11T00:48:59.107100 #21586]  INFO -- Kitchen: -----> Converging <standalone-runit-precise>
I, [2013-05-11T00:50:31.875207 #21586]  INFO -- Kitchen: -----> Setting up <standalone-runit-precise>
I, [2013-05-11T00:50:38.200723 #21586]  INFO -- Kitchen: -----> Verifying <standalone-runit-precise>
I, [2013-05-11T00:50:39.940235 #21586]  INFO -- Kitchen: -----> Destroying <standalone-runit-precise>
I, [2013-05-11T00:50:41.736466 #21586]  INFO -- Kitchen: -----> Kitchen is finished. (1m44.45s)
I, [2013-05-11T00:50:49.418004 #23634]  INFO -- Kitchen: -----> Starting Kitchen
I, [2013-05-11T00:50:49.420438 #23634]  INFO -- Kitchen: -----> Cleaning up any prior instances of <standalone-runit-precise>
I, [2013-05-11T00:50:49.420561 #23634]  INFO -- Kitchen: -----> Destroying <standalone-runit-precise>
I, [2013-05-11T00:50:49.426030 #23634]  INFO -- Kitchen: -----> Testing <standalone-runit-precise>
I, [2013-05-11T00:50:49.426147 #23634]  INFO -- Kitchen: -----> Creating <standalone-runit-precise>
I, [2013-05-11T00:50:54.292650 #23634]  INFO -- Kitchen: -----> Converging <standalone-runit-precise>
I, [2013-05-11T00:52:17.953741 #23634]  INFO -- Kitchen: -----> Setting up <standalone-runit-precise>
I, [2013-05-11T00:52:23.982504 #23634]  INFO -- Kitchen: -----> Verifying <standalone-runit-precise>
I, [2013-05-11T00:52:25.705342 #23634]  INFO -- Kitchen: -----> Kitchen is finished. (1m36.29s)
I, [2013-05-11T00:59:39.400701 #26091]  INFO -- Kitchen: -----> Starting Kitchen
I, [2013-05-11T00:59:39.403371 #26091]  INFO -- Kitchen: -----> Destroying <standalone-runit-precise>
I, [2013-05-11T00:59:41.041996 #26091]  INFO -- Kitchen: -----> Destroying <twoplusrelay-runit-precise>
I, [2013-05-11T00:59:41.042363 #26091]  INFO -- Kitchen: -----> Destroying <standaloneplusrelay-runit-precise>
I, [2013-05-11T00:59:41.042651 #26091]  INFO -- Kitchen: -----> Kitchen is finished. (0m1.64s)
I, [2013-05-11T00:59:44.462958 #26134]  INFO -- Kitchen: -----> Starting Kitchen
I, [2013-05-11T00:59:44.778551 #26134]  INFO -- Kitchen: -----> Cleaning up any prior instances of <twoplusrelay-runit-precise>
I, [2013-05-11T00:59:44.778689 #26134]  INFO -- Kitchen: -----> Cleaning up any prior instances of <standalone-runit-precise>
I, [2013-05-11T00:59:44.778974 #26134]  INFO -- Kitchen: -----> Destroying <standalone-runit-precise>
I, [2013-05-11T00:59:44.779055 #26134]  INFO -- Kitchen: -----> Cleaning up any prior instances of <standaloneplusrelay-runit-precise>
I, [2013-05-11T00:59:44.780242 #26134]  INFO -- Kitchen: -----> Destroying <standaloneplusrelay-runit-precise>
I, [2013-05-11T00:59:44.780481 #26134]  INFO -- Kitchen: -----> Testing <standalone-runit-precise>
I, [2013-05-11T00:59:44.780732 #26134]  INFO -- Kitchen: -----> Destroying <twoplusrelay-runit-precise>
I, [2013-05-11T00:59:44.781021 #26134]  INFO -- Kitchen: -----> Creating <standalone-runit-precise>
I, [2013-05-11T00:59:44.781301 #26134]  INFO -- Kitchen: -----> Testing <standaloneplusrelay-runit-precise>
I, [2013-05-11T00:59:44.781377 #26134]  INFO -- Kitchen: -----> Testing <twoplusrelay-runit-precise>
I, [2013-05-11T00:59:44.781660 #26134]  INFO -- Kitchen: -----> Creating <standaloneplusrelay-runit-precise>
I, [2013-05-11T00:59:44.781784 #26134]  INFO -- Kitchen: -----> Creating <twoplusrelay-runit-precise>
I, [2013-05-11T00:59:49.591260 #26134]  INFO -- Kitchen: -----> Converging <standalone-runit-precise>
I, [2013-05-11T00:59:57.722443 #26134]  INFO -- Kitchen: -----> Converging <twoplusrelay-runit-precise>
I, [2013-05-11T01:00:08.281715 #26134]  INFO -- Kitchen: -----> Converging <standaloneplusrelay-runit-precise>
I, [2013-05-11T01:02:06.775516 #26134]  INFO -- Kitchen: -----> Setting up <standalone-runit-precise>
I, [2013-05-11T01:02:13.902649 #26134]  INFO -- Kitchen: -----> Verifying <standalone-runit-precise>
I, [2013-05-11T01:02:15.702254 #26134]  INFO -- Kitchen: -----> Destroying <standalone-runit-precise>
I, [2013-05-11T01:03:36.870633 #31811]  INFO -- Kitchen: -----> Starting Kitchen
I, [2013-05-11T01:03:36.873207 #31811]  INFO -- Kitchen: -----> Destroying <standalone-runit-precise>
I, [2013-05-11T01:03:36.878293 #31811]  INFO -- Kitchen: -----> Destroying <twoplusrelay-runit-precise>
I, [2013-05-11T01:03:38.472202 #31811]  INFO -- Kitchen: -----> Destroying <standaloneplusrelay-runit-precise>
I, [2013-05-11T01:03:40.191163 #31811]  INFO -- Kitchen: -----> Kitchen is finished. (0m3.32s)
I, [2013-05-11T01:03:42.484901 #31911]  INFO -- Kitchen: -----> Starting Kitchen
I, [2013-05-11T01:03:42.487691 #31911]  INFO -- Kitchen: -----> Cleaning up any prior instances of <standalone-runit-precise>
I, [2013-05-11T01:03:42.487827 #31911]  INFO -- Kitchen: -----> Destroying <standalone-runit-precise>
I, [2013-05-11T01:03:42.492727 #31911]  INFO -- Kitchen: -----> Testing <standalone-runit-precise>
I, [2013-05-11T01:03:42.492856 #31911]  INFO -- Kitchen: -----> Creating <standalone-runit-precise>
I, [2013-05-11T01:03:47.406838 #31911]  INFO -- Kitchen: -----> Converging <standalone-runit-precise>
I, [2013-05-11T01:05:20.999376 #31911]  INFO -- Kitchen: -----> Setting up <standalone-runit-precise>
I, [2013-05-11T01:05:28.663642 #31911]  INFO -- Kitchen: -----> Verifying <standalone-runit-precise>
I, [2013-05-11T01:05:30.405298 #31911]  INFO -- Kitchen: -----> Destroying <standalone-runit-precise>
I, [2013-05-11T01:05:31.961675 #31911]  INFO -- Kitchen: -----> Cleaning up any prior instances of <twoplusrelay-runit-precise>
I, [2013-05-11T01:05:31.961800 #31911]  INFO -- Kitchen: -----> Destroying <twoplusrelay-runit-precise>
I, [2013-05-11T01:05:31.962099 #31911]  INFO -- Kitchen: -----> Testing <twoplusrelay-runit-precise>
I, [2013-05-11T01:05:31.962217 #31911]  INFO -- Kitchen: -----> Creating <twoplusrelay-runit-precise>
I, [2013-05-11T01:05:36.778300 #31911]  INFO -- Kitchen: -----> Converging <twoplusrelay-runit-precise>
I, [2013-05-11T01:07:12.541595 #31911]  INFO -- Kitchen: -----> Setting up <twoplusrelay-runit-precise>
I, [2013-05-11T01:07:19.131746 #31911]  INFO -- Kitchen: -----> Verifying <twoplusrelay-runit-precise>
I, [2013-05-11T01:07:20.918742 #31911]  INFO -- Kitchen: -----> Destroying <twoplusrelay-runit-precise>
I, [2013-05-11T01:07:22.266881 #31911]  INFO -- Kitchen: -----> Cleaning up any prior instances of <standaloneplusrelay-runit-precise>
I, [2013-05-11T01:07:22.266997 #31911]  INFO -- Kitchen: -----> Destroying <standaloneplusrelay-runit-precise>
I, [2013-05-11T01:07:22.267301 #31911]  INFO -- Kitchen: -----> Testing <standaloneplusrelay-runit-precise>
I, [2013-05-11T01:07:22.267388 #31911]  INFO -- Kitchen: -----> Creating <standaloneplusrelay-runit-precise>
I, [2013-05-11T01:07:27.082139 #31911]  INFO -- Kitchen: -----> Converging <standaloneplusrelay-runit-precise>
I, [2013-05-11T01:08:59.794913 #31911]  INFO -- Kitchen: -----> Setting up <standaloneplusrelay-runit-precise>
I, [2013-05-11T01:09:05.460171 #31911]  INFO -- Kitchen: -----> Verifying <standaloneplusrelay-runit-precise>
I, [2013-05-11T01:09:07.236077 #31911]  INFO -- Kitchen: -----> Destroying <standaloneplusrelay-runit-precise>
I, [2013-05-11T01:09:09.033965 #31911]  INFO -- Kitchen: -----> Kitchen is finished. (5m26.55s)
I, [2013-06-05T00:55:51.744888 #12400]  INFO -- Kitchen: -----> Starting Kitchen (v1.0.0.dev)
I, [2013-06-05T00:55:51.751669 #12400]  INFO -- Kitchen: -----> Cleaning up any prior instances of <standalone-runit-precise>
I, [2013-06-05T00:55:51.751814 #12400]  INFO -- Kitchen: -----> Destroying <standalone-runit-precise>
I, [2013-06-05T00:55:51.752860 #12400]  INFO -- Kitchen: -----> Testing <standalone-runit-precise>
I, [2013-06-05T00:55:51.752947 #12400]  INFO -- Kitchen: -----> Creating <standalone-runit-precise>
I, [2013-06-05T00:56:08.177436 #12400]  INFO -- Kitchen: -----> Converging <standalone-runit-precise>
E, [2013-06-05T00:56:38.926030 #12400] ERROR -- Kitchen: Converge failed on instance <standalone-runit-precise>.
I, [2013-06-05T00:59:26.153072 #13743]  INFO -- Kitchen: -----> Starting Kitchen (v1.0.0.dev)
I, [2013-06-05T00:59:26.160078 #13743]  INFO -- Kitchen: -----> Destroying <standalone-runit-precise>
I, [2013-06-05T00:59:27.725479 #13743]  INFO -- Kitchen: -----> Destroying <twoplusrelay-runit-precise>
I, [2013-06-05T00:59:27.725852 #13743]  INFO -- Kitchen: -----> Destroying <standaloneplusrelay-runit-precise>
I, [2013-06-05T00:59:27.726178 #13743]  INFO -- Kitchen: -----> Kitchen is finished. (0m1.57s)
I, [2013-06-05T01:00:57.346806 #14605]  INFO -- Kitchen: -----> Starting Kitchen (v1.0.0.dev)
I, [2013-06-05T01:00:57.354079 #14605]  INFO -- Kitchen: -----> Cleaning up any prior instances of <standalone-runit-precise>
I, [2013-06-05T01:00:57.354241 #14605]  INFO -- Kitchen: -----> Destroying <standalone-runit-precise>
I, [2013-06-05T01:00:57.355295 #14605]  INFO -- Kitchen: -----> Testing <standalone-runit-precise>
I, [2013-06-05T01:00:57.355381 #14605]  INFO -- Kitchen: -----> Creating <standalone-runit-precise>
I, [2013-06-05T01:00:59.169225 #14605]  INFO -- Kitchen: -----> Converging <standalone-runit-precise>
I, [2013-06-05T01:02:18.338823 #14605]  INFO -- Kitchen: -----> Setting up <standalone-runit-precise>
I, [2013-06-05T01:02:24.621221 #14605]  INFO -- Kitchen: -----> Verifying <standalone-runit-precise>
I, [2013-06-05T01:02:26.393850 #14605]  INFO -- Kitchen: -----> Destroying <standalone-runit-precise>
I, [2013-06-05T01:02:27.700464 #14605]  INFO -- Kitchen: -----> Cleaning up any prior instances of <twoplusrelay-runit-precise>
I, [2013-06-05T01:02:27.700585 #14605]  INFO -- Kitchen: -----> Destroying <twoplusrelay-runit-precise>
I, [2013-06-05T01:02:27.700890 #14605]  INFO -- Kitchen: -----> Testing <twoplusrelay-runit-precise>
I, [2013-06-05T01:02:27.700992 #14605]  INFO -- Kitchen: -----> Creating <twoplusrelay-runit-precise>
I, [2013-06-05T01:02:32.505624 #14605]  INFO -- Kitchen: -----> Converging <twoplusrelay-runit-precise>
I, [2013-06-05T01:04:08.316122 #14605]  INFO -- Kitchen: -----> Setting up <twoplusrelay-runit-precise>
I, [2013-06-05T01:04:13.848263 #14605]  INFO -- Kitchen: -----> Verifying <twoplusrelay-runit-precise>
I, [2013-06-05T01:04:15.678507 #14605]  INFO -- Kitchen: -----> Destroying <twoplusrelay-runit-precise>
I, [2013-06-05T01:04:17.358421 #14605]  INFO -- Kitchen: -----> Cleaning up any prior instances of <standaloneplusrelay-runit-precise>
I, [2013-06-05T01:04:17.358560 #14605]  INFO -- Kitchen: -----> Destroying <standaloneplusrelay-runit-precise>
I, [2013-06-05T01:04:17.358992 #14605]  INFO -- Kitchen: -----> Testing <standaloneplusrelay-runit-precise>
I, [2013-06-05T01:04:17.359071 #14605]  INFO -- Kitchen: -----> Creating <standaloneplusrelay-runit-precise>
I, [2013-06-05T01:04:22.168255 #14605]  INFO -- Kitchen: -----> Converging <standaloneplusrelay-runit-precise>
I, [2013-06-05T01:05:44.969500 #14605]  INFO -- Kitchen: -----> Setting up <standaloneplusrelay-runit-precise>
I, [2013-06-05T01:05:50.231904 #14605]  INFO -- Kitchen: -----> Verifying <standaloneplusrelay-runit-precise>
I, [2013-06-05T01:05:52.046491 #14605]  INFO -- Kitchen: -----> Destroying <standaloneplusrelay-runit-precise>
I, [2013-06-05T01:05:53.819574 #14605]  INFO -- Kitchen: -----> Kitchen is finished. (4m56.47s)
