I, [2013-05-11T00:48:49.982752 #21539]  INFO -- standalone-runit-ubuntu-1204: -----> Cleaning up any prior instances of <standalone-runit-ubuntu-1204>
I, [2013-05-11T00:48:49.982895 #21539]  INFO -- standalone-runit-ubuntu-1204: -----> Destroying <standalone-runit-ubuntu-1204>
I, [2013-05-11T00:48:49.983805 #21539]  INFO -- standalone-runit-ubuntu-1204: Finished destroying <standalone-runit-ubuntu-1204> (0m0.00s).
I, [2013-05-11T00:48:49.983945 #21539]  INFO -- standalone-runit-ubuntu-1204: -----> Testing <standalone-runit-ubuntu-1204>
I, [2013-05-11T00:48:49.984029 #21539]  INFO -- standalone-runit-ubuntu-1204: -----> Creating <standalone-runit-ubuntu-1204>
I, [2013-05-11T00:48:49.984501 #21539]  INFO -- standalone-runit-ubuntu-1204: [kitchen::driver::vagrant command] BEGIN (vagrant up --no-provision)
I, [2013-05-11T00:48:50.361609 #21539]  INFO -- standalone-runit-ubuntu-1204: [kitchen::driver::vagrant command] END (0m0.36s)
E, [2013-05-11T00:48:50.361892 #21539] ERROR -- standalone-runit-ubuntu-1204: Create failed on instance <standalone-runit-ubuntu-1204>.
E, [2013-05-11T00:48:50.361973 #21539] ERROR -- standalone-runit-ubuntu-1204: ------Exception-------
E, [2013-05-11T00:48:50.361996 #21539] ERROR -- standalone-runit-ubuntu-1204: Class: Kitchen::ShellOut::ShellCommandFailed
E, [2013-05-11T00:48:50.362020 #21539] ERROR -- standalone-runit-ubuntu-1204: Message: Expected process to exit with [0], but received '1'
---- Begin output of vagrant up --no-provision ----
STDOUT: 
STDERR: Vagrant could not detect VirtualBox! Make sure VirtualBox is properly installed.
Vagrant uses the `VBoxManage` binary that ships with VirtualBox, and requires
this to be available on the PATH. If VirtualBox is installed, please find the
`VBoxManage` binary and add it to the PATH environmental variable.
---- End output of vagrant up --no-provision ----
Ran vagrant up --no-provision returned 1
E, [2013-05-11T00:48:50.362039 #21539] ERROR -- standalone-runit-ubuntu-1204: ---Nested Exception---
E, [2013-05-11T00:48:50.362061 #21539] ERROR -- standalone-runit-ubuntu-1204: Class: Mixlib::ShellOut::ShellCommandFailed
E, [2013-05-11T00:48:50.362080 #21539] ERROR -- standalone-runit-ubuntu-1204: Message: Expected process to exit with [0], but received '1'
---- Begin output of vagrant up --no-provision ----
STDOUT: 
STDERR: Vagrant could not detect VirtualBox! Make sure VirtualBox is properly installed.
Vagrant uses the `VBoxManage` binary that ships with VirtualBox, and requires
this to be available on the PATH. If VirtualBox is installed, please find the
`VBoxManage` binary and add it to the PATH environmental variable.
---- End output of vagrant up --no-provision ----
Ran vagrant up --no-provision returned 1
E, [2013-05-11T00:48:50.362102 #21539] ERROR -- standalone-runit-ubuntu-1204: ------Backtrace-------
E, [2013-05-11T00:48:50.362122 #21539] ERROR -- standalone-runit-ubuntu-1204: /tmp/carbon/ruby/1.9.1/bundler/gems/test-kitchen-1dc4a6681e28/lib/kitchen/shell_out.rb:73:in `rescue in run_command'
E, [2013-05-11T00:48:50.362143 #21539] ERROR -- standalone-runit-ubuntu-1204: /tmp/carbon/ruby/1.9.1/bundler/gems/test-kitchen-1dc4a6681e28/lib/kitchen/shell_out.rb:61:in `run_command'
E, [2013-05-11T00:48:50.362164 #21539] ERROR -- standalone-runit-ubuntu-1204: /tmp/carbon/ruby/1.9.1/bundler/gems/test-kitchen-1dc4a6681e28/lib/kitchen/driver/base.rb:146:in `run_command'
E, [2013-05-11T00:48:50.362182 #21539] ERROR -- standalone-runit-ubuntu-1204: /tmp/carbon/ruby/1.9.1/bundler/gems/kitchen-vagrant-4742374f7fb0/lib/kitchen/driver/vagrant.rb:99:in `run'
E, [2013-05-11T00:48:50.362200 #21539] ERROR -- standalone-runit-ubuntu-1204: /tmp/carbon/ruby/1.9.1/bundler/gems/kitchen-vagrant-4742374f7fb0/lib/kitchen/driver/vagrant.rb:48:in `create'
E, [2013-05-11T00:48:50.362221 #21539] ERROR -- standalone-runit-ubuntu-1204: /tmp/carbon/ruby/1.9.1/bundler/gems/test-kitchen-1dc4a6681e28/lib/kitchen/instance.rb:249:in `public_send'
E, [2013-05-11T00:48:50.362240 #21539] ERROR -- standalone-runit-ubuntu-1204: /tmp/carbon/ruby/1.9.1/bundler/gems/test-kitchen-1dc4a6681e28/lib/kitchen/instance.rb:249:in `block in perform_action'
E, [2013-05-11T00:48:50.362268 #21539] ERROR -- standalone-runit-ubuntu-1204: /tmp/carbon/ruby/1.9.1/bundler/gems/test-kitchen-1dc4a6681e28/lib/kitchen/instance.rb:280:in `call'
E, [2013-05-11T00:48:50.362290 #21539] ERROR -- standalone-runit-ubuntu-1204: /tmp/carbon/ruby/1.9.1/bundler/gems/test-kitchen-1dc4a6681e28/lib/kitchen/instance.rb:280:in `block in synchronize_or_call'
E, [2013-05-11T00:48:50.362312 #21539] ERROR -- standalone-runit-ubuntu-1204: <internal:prelude>:10:in `synchronize'
E, [2013-05-11T00:48:50.362333 #21539] ERROR -- standalone-runit-ubuntu-1204: /tmp/carbon/ruby/1.9.1/bundler/gems/test-kitchen-1dc4a6681e28/lib/kitchen/instance.rb:278:in `synchronize_or_call'
E, [2013-05-11T00:48:50.362351 #21539] ERROR -- standalone-runit-ubuntu-1204: /tmp/carbon/ruby/1.9.1/bundler/gems/test-kitchen-1dc4a6681e28/lib/kitchen/instance.rb:259:in `block in action'
E, [2013-05-11T00:48:50.362373 #21539] ERROR -- standalone-runit-ubuntu-1204: /usr/lib/ruby/1.9.1/benchmark.rb:280:in `measure'
E, [2013-05-11T00:48:50.362391 #21539] ERROR -- standalone-runit-ubuntu-1204: /tmp/carbon/ruby/1.9.1/bundler/gems/test-kitchen-1dc4a6681e28/lib/kitchen/instance.rb:258:in `action'
E, [2013-05-11T00:48:50.362411 #21539] ERROR -- standalone-runit-ubuntu-1204: /tmp/carbon/ruby/1.9.1/bundler/gems/test-kitchen-1dc4a6681e28/lib/kitchen/instance.rb:249:in `perform_action'
E, [2013-05-11T00:48:50.362430 #21539] ERROR -- standalone-runit-ubuntu-1204: /tmp/carbon/ruby/1.9.1/bundler/gems/test-kitchen-1dc4a6681e28/lib/kitchen/instance.rb:228:in `create_action'
E, [2013-05-11T00:48:50.362451 #21539] ERROR -- standalone-runit-ubuntu-1204: /tmp/carbon/ruby/1.9.1/bundler/gems/test-kitchen-1dc4a6681e28/lib/kitchen/instance.rb:222:in `block in transition_to'
E, [2013-05-11T00:48:50.362471 #21539] ERROR -- standalone-runit-ubuntu-1204: /tmp/carbon/ruby/1.9.1/bundler/gems/test-kitchen-1dc4a6681e28/lib/kitchen/instance.rb:221:in `each'
E, [2013-05-11T00:48:50.362492 #21539] ERROR -- standalone-runit-ubuntu-1204: /tmp/carbon/ruby/1.9.1/bundler/gems/test-kitchen-1dc4a6681e28/lib/kitchen/instance.rb:221:in `transition_to'
E, [2013-05-11T00:48:50.362513 #21539] ERROR -- standalone-runit-ubuntu-1204: /tmp/carbon/ruby/1.9.1/bundler/gems/test-kitchen-1dc4a6681e28/lib/kitchen/instance.rb:143:in `verify'
E, [2013-05-11T00:48:50.362535 #21539] ERROR -- standalone-runit-ubuntu-1204: /tmp/carbon/ruby/1.9.1/bundler/gems/test-kitchen-1dc4a6681e28/lib/kitchen/instance.rb:172:in `block in test'
E, [2013-05-11T00:48:50.362556 #21539] ERROR -- standalone-runit-ubuntu-1204: /usr/lib/ruby/1.9.1/benchmark.rb:280:in `measure'
E, [2013-05-11T00:48:50.362575 #21539] ERROR -- standalone-runit-ubuntu-1204: /tmp/carbon/ruby/1.9.1/bundler/gems/test-kitchen-1dc4a6681e28/lib/kitchen/instance.rb:168:in `test'
E, [2013-05-11T00:48:50.362594 #21539] ERROR -- standalone-runit-ubuntu-1204: /tmp/carbon/ruby/1.9.1/bundler/gems/test-kitchen-1dc4a6681e28/lib/kitchen/cli.rb:258:in `public_send'
E, [2013-05-11T00:48:50.362614 #21539] ERROR -- standalone-runit-ubuntu-1204: /tmp/carbon/ruby/1.9.1/bundler/gems/test-kitchen-1dc4a6681e28/lib/kitchen/cli.rb:258:in `block in run_serial'
E, [2013-05-11T00:48:50.362632 #21539] ERROR -- standalone-runit-ubuntu-1204: /tmp/carbon/ruby/1.9.1/bundler/gems/test-kitchen-1dc4a6681e28/lib/kitchen/cli.rb:258:in `map'
E, [2013-05-11T00:48:50.362650 #21539] ERROR -- standalone-runit-ubuntu-1204: /tmp/carbon/ruby/1.9.1/bundler/gems/test-kitchen-1dc4a6681e28/lib/kitchen/cli.rb:258:in `run_serial'
E, [2013-05-11T00:48:50.362669 #21539] ERROR -- standalone-runit-ubuntu-1204: /tmp/carbon/ruby/1.9.1/bundler/gems/test-kitchen-1dc4a6681e28/lib/kitchen/cli.rb:113:in `block in test'
E, [2013-05-11T00:48:50.362688 #21539] ERROR -- standalone-runit-ubuntu-1204: /usr/lib/ruby/1.9.1/benchmark.rb:280:in `measure'
E, [2013-05-11T00:48:50.362708 #21539] ERROR -- standalone-runit-ubuntu-1204: /tmp/carbon/ruby/1.9.1/bundler/gems/test-kitchen-1dc4a6681e28/lib/kitchen/cli.rb:104:in `test'
E, [2013-05-11T00:48:50.362727 #21539] ERROR -- standalone-runit-ubuntu-1204: /tmp/carbon/ruby/1.9.1/gems/thor-0.16.0/lib/thor/task.rb:27:in `run'
E, [2013-05-11T00:48:50.362750 #21539] ERROR -- standalone-runit-ubuntu-1204: /tmp/carbon/ruby/1.9.1/gems/thor-0.16.0/lib/thor/invocation.rb:120:in `invoke_task'
E, [2013-05-11T00:48:50.362769 #21539] ERROR -- standalone-runit-ubuntu-1204: /tmp/carbon/ruby/1.9.1/bundler/gems/test-kitchen-1dc4a6681e28/lib/kitchen/cli.rb:232:in `invoke_task'
E, [2013-05-11T00:48:50.362791 #21539] ERROR -- standalone-runit-ubuntu-1204: /tmp/carbon/ruby/1.9.1/gems/thor-0.16.0/lib/thor.rb:275:in `dispatch'
E, [2013-05-11T00:48:50.362809 #21539] ERROR -- standalone-runit-ubuntu-1204: /tmp/carbon/ruby/1.9.1/gems/thor-0.16.0/lib/thor/base.rb:425:in `start'
E, [2013-05-11T00:48:50.362831 #21539] ERROR -- standalone-runit-ubuntu-1204: /tmp/carbon/ruby/1.9.1/bundler/gems/test-kitchen-1dc4a6681e28/bin/kitchen:13:in `block in <top (required)>'
E, [2013-05-11T00:48:50.362851 #21539] ERROR -- standalone-runit-ubuntu-1204: /tmp/carbon/ruby/1.9.1/bundler/gems/test-kitchen-1dc4a6681e28/lib/kitchen/errors.rb:78:in `with_friendly_errors'
E, [2013-05-11T00:48:50.362870 #21539] ERROR -- standalone-runit-ubuntu-1204: /tmp/carbon/ruby/1.9.1/bundler/gems/test-kitchen-1dc4a6681e28/bin/kitchen:13:in `<top (required)>'
E, [2013-05-11T00:48:50.362899 #21539] ERROR -- standalone-runit-ubuntu-1204: /tmp/carbon/ruby/1.9.1/bin/kitchen:19:in `load'
E, [2013-05-11T00:48:50.362923 #21539] ERROR -- standalone-runit-ubuntu-1204: /tmp/carbon/ruby/1.9.1/bin/kitchen:19:in `<main>'
E, [2013-05-11T00:48:50.362943 #21539] ERROR -- standalone-runit-ubuntu-1204: ----------------------
